<?xml version="1.0" encoding="UTF-8"?>
<!-- Generated by org.testng.reporters.JUnitReportReporter -->
<testsuite hostname="DESKTOP-BD7D664" failures="0" tests="3" name="com.TestClass.Package.addUserData" time="0.031" errors="0" timestamp="2024-04-01T22:40:36 IST" skipped="0">
  <testcase classname="com.TestClass.Package.addUserData" name="addUserTest" time="0.007"/>
  <system-out/>
  <testcase classname="com.TestClass.Package.addUserData" name="addUserTest" time="0.004"/>
  <system-out/>
  <testcase classname="com.TestClass.Package.addUserData" name="addUserTest" time="0.020"/>
  <system-out/>
</testsuite> <!-- com.TestClass.Package.addUserData -->
