<?xml version="1.0" encoding="UTF-8"?>
<!-- Generated by org.testng.reporters.JUnitReportReporter -->
<testsuite hostname="DESKTOP-BD7D664" failures="0" tests="2" name="com.TestClass.Package.LoginModulTest" time="4.581" errors="0" timestamp="2024-06-12T15:55:48 IST" skipped="0">
  <testcase classname="com.TestClass.Package.LoginModulTest" name="LoginTest" time="4.543"/>
  <system-out/>
  <testcase classname="com.TestClass.Package.LoginModulTest" name="getTitle" time="0.038"/>
  <system-out/>
</testsuite> <!-- com.TestClass.Package.LoginModulTest -->
