<?xml version="1.0" encoding="UTF-8"?>
<!-- Generated by org.testng.reporters.JUnitReportReporter -->
<testsuite hostname="DESKTOP-BD7D664" failures="0" tests="3" name="com.TestClass.Package.UserAllData" time="29.113" errors="0" timestamp="2024-06-12T15:55:48 IST" skipped="0">
  <testcase classname="com.TestClass.Package.UserAllData" name="setData" time="9.823"/>
  <system-out/>
  <testcase classname="com.TestClass.Package.UserAllData" name="setData" time="9.459"/>
  <system-out/>
  <testcase classname="com.TestClass.Package.UserAllData" name="setData" time="9.831"/>
  <system-out/>
</testsuite> <!-- com.TestClass.Package.UserAllData -->
