<?xml version="1.0" encoding="UTF-8"?>
<!-- Generated by org.testng.reporters.JUnitReportReporter -->
<testsuite hostname="DESKTOP-BD7D664" failures="0" tests="2" name="com.TestClass.Package.LoginModulTest" time="2.340" errors="0" timestamp="2024-03-28T18:33:33 IST" skipped="0">
  <testcase classname="com.TestClass.Package.LoginModulTest" name="LoginTest" time="1.045"/>
  <system-out/>
  <testcase classname="com.TestClass.Package.LoginModulTest" name="getTitle" time="1.295"/>
  <system-out/>
</testsuite> <!-- com.TestClass.Package.LoginModulTest -->
