<?xml version="1.0" encoding="UTF-8"?>
<!-- Generated by org.testng.reporters.JUnitReportReporter -->
<testsuite hostname="DESKTOP-BD7D664" failures="0" tests="1" name="com.TestClass.Package.LoginModulTest" time="1.253" errors="0" timestamp="2024-04-01T10:33:24 IST" skipped="0">
  <testcase classname="com.TestClass.Package.LoginModulTest" name="LoginTest" time="1.253"/>
  <system-out/>
</testsuite> <!-- com.TestClass.Package.LoginModulTest -->
