<?xml version="1.0" encoding="UTF-8"?>
<!-- Generated by org.testng.reporters.JUnitReportReporter -->
<testsuite hostname="DESKTOP-BD7D664" failures="0" tests="3" name="com.TestClass.Package.FBTest" time="1.239" errors="0" timestamp="2024-04-02T17:46:25 IST" skipped="0">
  <testcase classname="com.TestClass.Package.FBTest" name="setAllData" time="0.518"/>
  <system-out/>
  <testcase classname="com.TestClass.Package.FBTest" name="setAllData" time="0.392"/>
  <system-out/>
  <testcase classname="com.TestClass.Package.FBTest" name="setAllData" time="0.329"/>
  <system-out/>
</testsuite> <!-- com.TestClass.Package.FBTest -->
