<?xml version="1.0" encoding="UTF-8"?>
<!-- Generated by org.testng.reporters.JUnitReportReporter -->
<testsuite hostname="DESKTOP-BD7D664" failures="0" tests="3" name="com.TestClass.Package.UserAllData" time="41.983" errors="0" timestamp="2024-04-03T09:47:54 IST" skipped="0">
  <testcase classname="com.TestClass.Package.UserAllData" name="setData" time="14.084"/>
  <system-out/>
  <testcase classname="com.TestClass.Package.UserAllData" name="setData" time="14.240"/>
  <system-out/>
  <testcase classname="com.TestClass.Package.UserAllData" name="setData" time="13.659"/>
  <system-out/>
</testsuite> <!-- com.TestClass.Package.UserAllData -->
