<?xml version="1.0" encoding="UTF-8"?>
<!-- Generated by org.testng.reporters.JUnitReportReporter -->
<testsuite hostname="DESKTOP-BD7D664" failures="0" tests="1" name="com.TestClass.Package.PIMModuleTest" time="6.889" errors="0" timestamp="2024-03-29T15:58:22 IST" skipped="0">
  <testcase classname="com.TestClass.Package.PIMModuleTest" name="PIMModuleTest" time="6.889"/>
  <system-out/>
</testsuite> <!-- com.TestClass.Package.PIMModuleTest -->
