<?xml version="1.0" encoding="UTF-8"?>
<!-- Generated by org.testng.reporters.JUnitReportReporter -->
<testsuite hostname="DESKTOP-BD7D664" failures="0" tests="8" name="com.ParallelTest.Package.ParallelClass1" time="0.074" errors="0" timestamp="2024-04-09T17:30:49 IST" skipped="0">
  <testcase classname="com.ParallelTest.Package.ParallelClass1" name="test1" time="0.010"/>
  <system-out/>
  <testcase classname="com.ParallelTest.Package.ParallelClass1" name="test4" time="0.007"/>
  <system-out/>
  <testcase classname="com.ParallelTest.Package.ParallelClass1" name="test4" time="0.003"/>
  <system-out/>
  <testcase classname="com.ParallelTest.Package.ParallelClass1" name="test3" time="0.007"/>
  <system-out/>
  <testcase classname="com.ParallelTest.Package.ParallelClass1" name="test1" time="0.037"/>
  <system-out/>
  <testcase classname="com.ParallelTest.Package.ParallelClass1" name="test2" time="0.004"/>
  <system-out/>
  <testcase classname="com.ParallelTest.Package.ParallelClass1" name="test3" time="0.004"/>
  <system-out/>
  <testcase classname="com.ParallelTest.Package.ParallelClass1" name="test2" time="0.002"/>
  <system-out/>
</testsuite> <!-- com.ParallelTest.Package.ParallelClass1 -->
