<?xml version="1.0" encoding="UTF-8"?>
<!-- Generated by org.testng.reporters.JUnitReportReporter -->
<testsuite hostname="DESKTOP-BD7D664" failures="0" tests="1" name="com.TestClass.Package.PIMModuleTest" time="4.986" errors="0" timestamp="2024-03-28T20:54:46 IST" skipped="0">
  <testcase classname="com.TestClass.Package.PIMModuleTest" name="PIMModuleTest" time="4.986"/>
  <system-out/>
</testsuite> <!-- com.TestClass.Package.PIMModuleTest -->
