<?xml version="1.0" encoding="UTF-8"?>
<!-- Generated by org.testng.reporters.JUnitReportReporter -->
<testsuite hostname="DESKTOP-BD7D664" failures="0" tests="4" name="com.TestClass.Package.DummyListernerTest" time="0.043" errors="0" timestamp="2024-04-05T10:48:23 IST" skipped="0">
  <testcase classname="com.TestClass.Package.DummyListernerTest" name="Test7" time="0.004"/>
  <system-out/>
  <testcase classname="com.TestClass.Package.DummyListernerTest" name="Test1" time="0.024"/>
  <system-out/>
  <testcase classname="com.TestClass.Package.DummyListernerTest" name="Test3" time="0.010"/>
  <system-out/>
  <testcase classname="com.TestClass.Package.DummyListernerTest" name="Test5" time="0.005"/>
  <system-out/>
</testsuite> <!-- com.TestClass.Package.DummyListernerTest -->
