<?xml version="1.0" encoding="UTF-8"?>
<!-- Generated by org.testng.reporters.JUnitReportReporter -->
<testsuite hostname="DESKTOP-BD7D664" failures="0" tests="2" name="com.TestClass.Package.LoginModulTest" time="3.213" errors="0" timestamp="2024-03-28T19:04:18 IST" skipped="0">
  <testcase classname="com.TestClass.Package.LoginModulTest" name="getTitle" time="0.235"/>
  <system-out/>
  <testcase classname="com.TestClass.Package.LoginModulTest" name="LoginTest" time="2.978"/>
  <system-out/>
</testsuite> <!-- com.TestClass.Package.LoginModulTest -->
