<?xml version="1.0" encoding="UTF-8"?>
<!-- Generated by org.testng.reporters.JUnitReportReporter -->
<testsuite hostname="DESKTOP-BD7D664" failures="0" tests="1" name="com.TestClass.Package.AddPIMSubModTest" time="3.372" errors="0" timestamp="2024-04-01T19:03:20 IST" skipped="0">
  <testcase classname="com.TestClass.Package.AddPIMSubModTest" name="PIMSubModTest" time="3.372"/>
  <system-out/>
</testsuite> <!-- com.TestClass.Package.AddPIMSubModTest -->
