<?xml version="1.0" encoding="UTF-8"?>
<!-- Generated by org.testng.reporters.JUnitReportReporter -->
<testsuite hostname="DESKTOP-BD7D664" failures="0" tests="3" name="com.TestClass.Package.addUserData" time="0.040" errors="0" timestamp="2024-04-06T17:24:34 IST" skipped="0">
  <testcase classname="com.TestClass.Package.addUserData" name="addUserTest" time="0.011"/>
  <system-out/>
  <testcase classname="com.TestClass.Package.addUserData" name="addUserTest" time="0.005"/>
  <system-out/>
  <testcase classname="com.TestClass.Package.addUserData" name="addUserTest" time="0.024"/>
  <system-out/>
</testsuite> <!-- com.TestClass.Package.addUserData -->
